<?xml version="1.0" encoding="UTF-8"?>
<!-- Generated by org.testng.reporters.JUnitReportReporter -->
<testsuite hostname="localhost" failures="0" tests="1" name="mavn.DemoA" time="33.333" errors="0" timestamp="17 Jun 2019 14:44:41 GMT" skipped="0">
  <testcase classname="mavn.DemoA" name="testA" time="33.333"/>
</testsuite> <!-- mavn.DemoA -->
